<?xml version="1.0" encoding="UTF-8"?>
<testsuite xmlns:xsi="http://www.w3.org/2001/XMLSchema-instance" xsi:schemaLocation="https://maven.apache.org/surefire/maven-surefire-plugin/xsd/surefire-test-report.xsd" name="PlanetEndpointTest" time="4.495" tests="4" errors="0" skipped="0" failures="0">
  <properties>
    <property name="java.runtime.name" value="OpenJDK Runtime Environment"/>
    <property name="java.vm.version" value="17.0.1+12-LTS"/>
    <property name="sun.boot.library.path" value="E:\JAVA\zuluJDK17\bin"/>
    <property name="maven.multiModuleProjectDirectory" value="E:\PROJETOS EMPRESAS\OUTROS\swapi-testing-rest-assured-master\swapi-testing-rest-assured-master"/>
    <property name="java.vm.vendor" value="Azul Systems, Inc."/>
    <property name="java.vendor.url" value="http://www.azul.com/"/>
    <property name="guice.disable.misplaced.annotation.check" value="true"/>
    <property name="path.separator" value=";"/>
    <property name="java.vm.name" value="OpenJDK 64-Bit Server VM"/>
    <property name="sun.os.patch.level" value=""/>
    <property name="user.script" value=""/>
    <property name="user.country" value="BR"/>
    <property name="sun.java.launcher" value="SUN_STANDARD"/>
    <property name="java.vm.specification.name" value="Java Virtual Machine Specification"/>
    <property name="user.dir" value="E:\PROJETOS EMPRESAS\OUTROS\swapi-testing-rest-assured-master\swapi-testing-rest-assured-master"/>
    <property name="java.vm.compressedOopsMode" value="Zero based"/>
    <property name="java.runtime.version" value="17.0.1+12-LTS"/>
    <property name="os.arch" value="amd64"/>
    <property name="java.io.tmpdir" value="C:\Users\Paulo\AppData\Local\Temp\"/>
    <property name="line.separator" value="&#10;"/>
    <property name="java.vm.specification.vendor" value="Oracle Corporation"/>
    <property name="user.variant" value=""/>
    <property name="os.name" value="Windows 10"/>
    <property name="classworlds.conf" value="E:\JAVA\maven\bin\m2.conf"/>
    <property name="sun.jnu.encoding" value="Cp1252"/>
    <property name="java.library.path" value="E:\JAVA\zuluJDK17\bin;C:\WINDOWS\Sun\Java\bin;C:\WINDOWS\system32;C:\WINDOWS;E:/JAVA/zuluJDK17/bin/server;E:/JAVA/zuluJDK17/bin;C:\Program Files (x86)\Common Files\Oracle\Java\javapath;C:\WINDOWS\system32;C:\WINDOWS;C:\WINDOWS\System32\Wbem;C:\WINDOWS\System32\WindowsPowerShell\v1.0\;C:\WINDOWS\System32\OpenSSH\;C:\Program Files\dotnet\;C:\Program Files\Git\cmd;E:\JAVA\zuluJDK17\bin;E:\JAVA\maven\bin;C:\Program Files\nodejs\;C:\ProgramData\chocolatey\bin;C:\Ruby26-x64\bin;C:\Users\Paulo\AppData\Local\Programs\Python\Python310\Scripts\;C:\Users\Paulo\AppData\Local\Programs\Python\Python310\;C:\Users\Paulo\AppData\Local\Microsoft\WindowsApps;C:\Users\Paulo\AppData\Local\Programs\Microsoft VS Code\bin;E:\Programas\cmder;E:\JAVA\zuluJDK17\bin;E:\JAVA\maven\bin;C:\Users\Paulo\AppData\Roaming\npm;C:\WINDOWS\System32;;."/>
    <property name="maven.conf" value="E:\JAVA\maven/conf"/>
    <property name="jdk.debug" value="release"/>
    <property name="java.class.version" value="61.0"/>
    <property name="java.specification.name" value="Java Platform API Specification"/>
    <property name="sun.management.compiler" value="HotSpot 64-Bit Tiered Compilers"/>
    <property name="os.version" value="10.0"/>
    <property name="library.jansi.path" value="E:\JAVA\maven\lib\jansi-native"/>
    <property name="user.home" value="C:\Users\Paulo"/>
    <property name="user.timezone" value="America/Sao_Paulo"/>
    <property name="file.encoding" value="Cp1252"/>
    <property name="java.specification.version" value="17"/>
    <property name="user.name" value="Paulo"/>
    <property name="java.class.path" value="E:\JAVA\maven\boot\plexus-classworlds-2.6.0.jar"/>
    <property name="java.vm.specification.version" value="17"/>
    <property name="sun.arch.data.model" value="64"/>
    <property name="sun.java.command" value="org.codehaus.plexus.classworlds.launcher.Launcher surefire-report:report"/>
    <property name="java.home" value="E:\JAVA\zuluJDK17"/>
    <property name="user.language" value="pt"/>
    <property name="java.specification.vendor" value="Oracle Corporation"/>
    <property name="java.vm.info" value="mixed mode, sharing"/>
    <property name="java.version" value="17.0.1"/>
    <property name="native.encoding" value="Cp1252"/>
    <property name="java.vendor" value="Azul Systems, Inc."/>
    <property name="sun.stderr.encoding" value="cp850"/>
    <property name="maven.home" value="E:\JAVA\maven"/>
    <property name="file.separator" value="\"/>
    <property name="java.version.date" value="2021-10-19"/>
    <property name="java.vendor.url.bug" value="http://www.azul.com/support/"/>
    <property name="sun.io.unicode.encoding" value="UnicodeLittle"/>
    <property name="sun.cpu.endian" value="little"/>
    <property name="java.vendor.version" value="Zulu17.30+15-CA"/>
    <property name="sun.stdout.encoding" value="cp850"/>
    <property name="sun.cpu.isalist" value="amd64"/>
  </properties>
  <testcase name="gravityIsStandardTest" classname="PlanetEndpointTest" time="0"/>
  <testcase name="planetIsTatooineTest" classname="PlanetEndpointTest" time="0"/>
  <testcase name="diameterIsLessThan20000Test" classname="PlanetEndpointTest" time="0"/>
  <testcase name="terrainIsDesertTest" classname="PlanetEndpointTest" time="0"/>
</testsuite>